wall_clock_time: 54.235 s
|- compute_time: 54.234 s
   |- add_slow_inter_tends: 0.000 s
   |- get_inter_tends: 20.699 s
   |  |- IsentropicConservativeCoriolis: 0.364 s
   |  |- tendency_type, iadd: 0.542 s
   |  |- IsentropicSmagorinsky: 2.700 s
   |  |- KesslerMicrophysics: 3.408 s
   |  |- KesslerSaturationAdjustmentPrognostic: 2.426 s
   |  |- IsentropicVerticalAdvection: 8.113 s
   |  |- KesslerFallVelocity: 1.423 s
   |  |- KesslerSedimentation: 2.022 s
   |- get_raw_tmp_state: 0.072 s
   |- get_raw_tends: 0.001 s
   |- stage: 22.989 s
   |  |- set_reference_state: 0.064 s
   |  |- diagnose_sq: 1.202 s
   |  |- prognostic: 19.627 s
   |  |- diagnose_q: 1.065 s
   |  |- boundary_conditions: 0.128 s
   |  |- velocity: 0.534 s
   |  |- vertical_damping: 0.368 s
   |- get_stage_state: 0.006 s
   |- update_out_state: 0.409 s
   |- compute_inter_diags: 8.336 s
   |  |- IsentropicDiagnostics: 8.335 s
   |- fill_inter_diags: 0.002 s
   |- Precipitation: 0.014 s
   |- IsentropicHorizontalSmoothing: 0.802 s
   |- IsentropicVelocityComponents: 0.189 s
