wall_clock_time: 7.639 s
|- compute_time: 7.639 s
   |- add_slow_inter_tends: 0.007 s
   |- get_inter_tends: 3.586 s
   |  |- IsentropicConservativeCoriolis: 0.100 s
   |  |- tendency_type, iadd: 0.433 s
   |  |- IsentropicSmagorinsky: 0.446 s
   |  |- KesslerMicrophysics: 0.232 s
   |  |- KesslerSaturationAdjustmentPrognostic: 1.585 s
   |  |- IsentropicVerticalAdvection: 0.489 s
   |  |- KesslerFallVelocity: 0.249 s
   |  |- KesslerSedimentation: 0.087 s
   |- get_raw_tmp_state: 0.072 s
   |- get_raw_tends: 0.001 s
   |- stage: 2.379 s
   |  |- set_reference_state: 0.044 s
   |  |- diagnose_sq: 0.183 s
   |  |- prognostic: 1.726 s
   |  |- diagnose_q: 0.138 s
   |  |- boundary_conditions: 0.118 s
   |  |- velocity: 0.086 s
   |  |- vertical_damping: 0.081 s
   |- get_stage_state: 0.009 s
   |- update_out_state: 0.351 s
   |- compute_inter_diags: 0.513 s
   |  |- IsentropicDiagnostics: 0.511 s
   |- fill_inter_diags: 0.091 s
   |- Precipitation: 0.015 s
   |- IsentropicHorizontalSmoothing: 0.087 s
   |- IsentropicVelocityComponents: 0.029 s
