wall_clock_time: 8.097 s
|- compute_time: 8.096 s
   |- add_slow_inter_tends: 0.013 s
   |- get_inter_tends: 3.161 s
   |  |- IsentropicConservativeCoriolis: 0.129 s
   |  |- tendency_type, iadd: 0.615 s
   |  |- IsentropicSmagorinsky: 0.514 s
   |  |- KesslerMicrophysics: 0.262 s
   |  |- KesslerSaturationAdjustmentPrognostic: 0.226 s
   |  |- IsentropicVerticalAdvection: 0.670 s
   |  |- KesslerFallVelocity: 0.599 s
   |  |- KesslerSedimentation: 0.168 s
   |- get_raw_tmp_state: 0.018 s
   |- get_raw_tends: 0.007 s
   |- stage: 2.585 s
   |  |- set_reference_state: 0.092 s
   |  |- diagnose_sq: 0.164 s
   |  |- prognostic: 1.529 s
   |  |- diagnose_q: 0.161 s
   |  |- boundary_conditions: 0.342 s
   |  |- velocity: 0.202 s
   |  |- vertical_damping: 0.080 s
   |- get_stage_state: 0.055 s
   |- update_out_state: 0.371 s
   |- compute_inter_diags: 0.432 s
   |  |- IsentropicDiagnostics: 0.425 s
   |- fill_inter_diags: 0.259 s
   |- Precipitation: 0.297 s
   |- IsentropicHorizontalSmoothing: 0.197 s
   |- IsentropicVelocityComponents: 0.084 s
