wall_clock_time: 55.458 s
|- compute_time: 55.457 s
   |- add_slow_inter_tends: 0.000 s
   |- get_inter_tends: 19.698 s
   |  |- IsentropicConservativeCoriolis: 0.358 s
   |  |- tendency_type, iadd: 0.542 s
   |  |- IsentropicSmagorinsky: 3.044 s
   |  |- KesslerMicrophysics: 1.529 s
   |  |- KesslerSaturationAdjustmentPrognostic: 2.297 s
   |  |- IsentropicVerticalAdvection: 7.854 s
   |  |- KesslerFallVelocity: 2.310 s
   |  |- KesslerSedimentation: 2.325 s
   |- get_raw_tmp_state: 0.074 s
   |- get_raw_tends: 0.001 s
   |- stage: 24.597 s
   |  |- set_reference_state: 0.067 s
   |  |- diagnose_sq: 1.233 s
   |  |- prognostic: 20.973 s
   |  |- diagnose_q: 1.246 s
   |  |- boundary_conditions: 0.127 s
   |  |- velocity: 0.664 s
   |  |- vertical_damping: 0.285 s
   |- get_stage_state: 0.006 s
   |- update_out_state: 0.405 s
   |- compute_inter_diags: 8.465 s
   |  |- IsentropicDiagnostics: 8.464 s
   |- fill_inter_diags: 0.002 s
   |- Precipitation: 0.015 s
   |- IsentropicHorizontalSmoothing: 0.997 s
   |- IsentropicVelocityComponents: 0.238 s
