wall_clock_time: 8.009 s
|- compute_time: 8.009 s
   |- add_slow_inter_tends: 0.006 s
   |- get_inter_tends: 4.306 s
   |  |- IsentropicConservativeCoriolis: 0.097 s
   |  |- tendency_type, iadd: 0.363 s
   |  |- IsentropicSmagorinsky: 0.398 s
   |  |- KesslerMicrophysics: 1.220 s
   |  |- KesslerSaturationAdjustmentPrognostic: 1.422 s
   |  |- IsentropicVerticalAdvection: 0.412 s
   |  |- KesslerFallVelocity: 0.409 s
   |  |- KesslerSedimentation: 0.076 s
   |- get_raw_tmp_state: 0.071 s
   |- get_raw_tends: 0.001 s
   |- stage: 2.125 s
   |  |- set_reference_state: 0.042 s
   |  |- diagnose_sq: 0.171 s
   |  |- prognostic: 1.519 s
   |  |- diagnose_q: 0.129 s
   |  |- boundary_conditions: 0.105 s
   |  |- velocity: 0.079 s
   |  |- vertical_damping: 0.078 s
   |- get_stage_state: 0.008 s
   |- update_out_state: 0.324 s
   |- compute_inter_diags: 0.454 s
   |  |- IsentropicDiagnostics: 0.453 s
   |- fill_inter_diags: 0.078 s
   |- Precipitation: 0.014 s
   |- IsentropicHorizontalSmoothing: 0.078 s
   |- IsentropicVelocityComponents: 0.026 s
