wall_clock_time: 6.997 s
|- compute_time: 6.996 s
   |- add_slow_inter_tends: 0.008 s
   |- get_inter_tends: 3.292 s
   |  |- IsentropicConservativeCoriolis: 0.096 s
   |  |- tendency_type, iadd: 0.389 s
   |  |- IsentropicSmagorinsky: 0.405 s
   |  |- KesslerMicrophysics: 0.219 s
   |  |  |- saturation_water_vapor_pressure: 0.000 s
   |  |- KesslerSaturationAdjustmentPrognostic: 1.480 s
   |  |- IsentropicVerticalAdvection: 0.437 s
   |  |- KesslerFallVelocity: 0.222 s
   |  |- KesslerSedimentation: 0.076 s
   |- get_raw_tmp_state: 0.072 s
   |- get_raw_tends: 0.001 s
   |- stage: 2.144 s
   |  |- set_reference_state: 0.044 s
   |  |- diagnose_sq: 0.175 s
   |  |- prognostic: 1.528 s
   |  |- diagnose_q: 0.129 s
   |  |- boundary_conditions: 0.105 s
   |  |- velocity: 0.080 s
   |  |- vertical_damping: 0.082 s
   |- get_stage_state: 0.008 s
   |- update_out_state: 0.337 s
   |- compute_inter_diags: 0.453 s
   |  |- IsentropicDiagnostics: 0.452 s
   |- fill_inter_diags: 0.082 s
   |- Precipitation: 0.014 s
   |- IsentropicHorizontalSmoothing: 0.078 s
   |- IsentropicVelocityComponents: 0.028 s
