wall_clock_time: 54.382 s
|- compute_time: 54.382 s
   |- add_slow_inter_tends: 0.000 s
   |- get_inter_tends: 20.813 s
   |  |- IsentropicConservativeCoriolis: 0.355 s
   |  |- tendency_type, iadd: 0.541 s
   |  |- IsentropicSmagorinsky: 2.796 s
   |  |- KesslerMicrophysics: 3.484 s
   |  |- KesslerSaturationAdjustmentPrognostic: 2.168 s
   |  |- IsentropicVerticalAdvection: 8.463 s
   |  |- KesslerFallVelocity: 1.300 s
   |  |- KesslerSedimentation: 2.018 s
   |- get_raw_tmp_state: 0.071 s
   |- get_raw_tends: 0.001 s
   |- stage: 22.982 s
   |  |- set_reference_state: 0.063 s
   |  |- diagnose_sq: 1.207 s
   |  |- prognostic: 19.601 s
   |  |- diagnose_q: 1.068 s
   |  |- boundary_conditions: 0.128 s
   |  |- velocity: 0.547 s
   |  |- vertical_damping: 0.366 s
   |- get_stage_state: 0.006 s
   |- update_out_state: 0.399 s
   |- compute_inter_diags: 8.284 s
   |  |- IsentropicDiagnostics: 8.282 s
   |- fill_inter_diags: 0.002 s
   |- Precipitation: 0.016 s
   |- IsentropicHorizontalSmoothing: 0.830 s
   |- IsentropicVelocityComponents: 0.240 s
