wall_clock_time: 25.736 s
|- compute_time: 25.735 s
   |- add_slow_inter_tends: 0.003 s
   |- get_inter_tends: 6.589 s
   |  |- IsentropicConservativeCoriolis: 0.128 s
   |  |- tendency_type, iadd: 0.313 s
   |  |- IsentropicSmagorinsky: 1.039 s
   |  |- KesslerMicrophysics: 0.886 s
   |  |- KesslerSaturationAdjustmentPrognostic: 0.655 s
   |  |- IsentropicVerticalAdvection: 2.345 s
   |  |- KesslerFallVelocity: 0.400 s
   |  |- KesslerSedimentation: 0.762 s
   |- get_raw_tmp_state: 0.018 s
   |- get_raw_tends: 0.007 s
   |- stage: 9.691 s
   |  |- set_reference_state: 0.019 s
   |  |- diagnose_sq: 0.424 s
   |  |- prognostic: 7.425 s
   |  |- diagnose_q: 0.440 s
   |  |- boundary_conditions: 1.039 s
   |  |- velocity: 0.219 s
   |  |- vertical_damping: 0.108 s
   |- get_stage_state: 0.044 s
   |- update_out_state: 0.141 s
   |- compute_inter_diags: 8.384 s
   |  |- IsentropicDiagnostics: 8.377 s
   |- fill_inter_diags: 0.017 s
   |- Precipitation: 0.068 s
   |- IsentropicHorizontalSmoothing: 0.360 s
   |- IsentropicVelocityComponents: 0.079 s
