wall_clock_time: 54.122 s
|- compute_time: 54.122 s
   |- add_slow_inter_tends: 0.000 s
   |- get_inter_tends: 20.029 s
   |  |- IsentropicConservativeCoriolis: 0.352 s
   |  |- tendency_type, iadd: 0.556 s
   |  |- IsentropicSmagorinsky: 2.999 s
   |  |- KesslerMicrophysics: 2.840 s
   |  |  |- saturation_water_vapor_pressure: 0.000 s
   |  |- KesslerSaturationAdjustmentPrognostic: 2.313 s
   |  |- IsentropicVerticalAdvection: 7.902 s
   |  |- KesslerFallVelocity: 1.366 s
   |  |- KesslerSedimentation: 2.064 s
   |- get_raw_tmp_state: 0.072 s
   |- get_raw_tends: 0.001 s
   |- stage: 23.093 s
   |  |- set_reference_state: 0.070 s
   |  |- diagnose_sq: 1.228 s
   |  |- prognostic: 19.413 s
   |  |- diagnose_q: 1.277 s
   |  |- boundary_conditions: 0.128 s
   |  |- velocity: 0.676 s
   |  |- vertical_damping: 0.300 s
   |- get_stage_state: 0.006 s
   |- update_out_state: 0.427 s
   |- compute_inter_diags: 8.459 s
   |  |- IsentropicDiagnostics: 8.458 s
   |- fill_inter_diags: 0.002 s
   |- Precipitation: 0.016 s
   |- IsentropicHorizontalSmoothing: 1.010 s
   |- IsentropicVelocityComponents: 0.230 s
