wall_clock_time: 59.233 s
|- compute_time: 59.232 s
   |- add_slow_inter_tends: 0.012 s
   |- get_inter_tends: 23.841 s
   |  |- IsentropicConservativeCoriolis: 0.946 s
   |  |- tendency_type, iadd: 3.630 s
   |  |- IsentropicSmagorinsky: 3.971 s
   |  |- KesslerMicrophysics: 2.181 s
   |  |- KesslerSaturationAdjustmentPrognostic: 6.226 s
   |  |- IsentropicVerticalAdvection: 4.196 s
   |  |- KesslerFallVelocity: 2.252 s
   |  |- KesslerSedimentation: 0.771 s
   |- get_raw_tmp_state: 0.715 s
   |- get_raw_tends: 0.011 s
   |- stage: 20.181 s
   |  |- set_reference_state: 0.412 s
   |  |- diagnose_sq: 1.695 s
   |  |- prognostic: 14.123 s
   |  |- diagnose_q: 1.320 s
   |  |- boundary_conditions: 1.047 s
   |  |- velocity: 0.789 s
   |  |- vertical_damping: 0.775 s
   |- get_stage_state: 0.084 s
   |- update_out_state: 3.237 s
   |- compute_inter_diags: 4.559 s
   |  |- IsentropicDiagnostics: 4.549 s
   |- fill_inter_diags: 0.808 s
   |- Precipitation: 0.142 s
   |- IsentropicHorizontalSmoothing: 0.809 s
   |- IsentropicVelocityComponents: 0.273 s
